Arguments: 
  /Users/thejoker/.nvm/versions/node/v10.4.1/bin/node /usr/local/bin/yarn publish

PATH: 
  /Users/thejoker/.nvm/versions/node/v10.4.1/bin:/usr/local/opt/postgresql@9.6/bin:/usr/local/bin:/usr/bin:/bin:/usr/sbin:/sbin:/usr/local/share/dotnet:/Library/Frameworks/Mono.framework/Versions/Current/Commands:/Applications/Xamarin Workbooks.app/Contents/SharedSupport/path-bin

Yarn version: 
  1.5.1

Node version: 
  10.4.1

Platform: 
  darwin x64

npm manifest: 
  {
    "name": "@dwauth/auth",
    "version": "3.0.0",
    "description": "authentication library",
    "main": "index.js",
    "scripts": {
      "lint": "standard",
      "test": "npm run lint && tape tests/*.js | tap-spec"
    },
    "repository": {
      "type": "git",
      "url": "git+https://github.com/dwid/dwid-auth.git"
    },
    "keywords": [
      "login",
      "accounts",
      "authentication",
      "auth",
      "users",
      "level",
      "levelup",
      "leveldown"
    ],
    "author": "sethvincent",
    "license": "MIT",
    "bugs": {
      "url": "https://github.com/dwid/dwid-auth/issues"
    },
    "homepage": "https://github.com/dwid/dwid-auth#readme",
    "devDependencies": {
      "memdb": "^1.3.1",
      "standard": "^8.6.0",
      "tap-spec": "^4.1.1",
      "tape": "^4.6.3"
    },
    "dependencies": {
      "@dwcore/dws2": "dwcore/dws2#master",
      "each-async": "^1.1.1",
      "level-simple-indexes": "^2.0.0",
      "shasum": "^1.0.2",
      "subleveldown": "^2.1.0",
      "uuid": "^3.0.1"
    }
  }

yarn manifest: 
  No manifest

Lockfile: 
  No lockfile

Trace: 
  Error: https://registry.npmjs.org/@dwauth%2fauth: You must sign up for private packages
      at Request.params.callback [as _callback] (/usr/local/lib/node_modules/yarn/lib/cli.js:65019:18)
      at Request.self.callback (/usr/local/lib/node_modules/yarn/lib/cli.js:132430:22)
      at Request.emit (events.js:182:13)
      at Request.<anonymous> (/usr/local/lib/node_modules/yarn/lib/cli.js:133413:10)
      at Request.emit (events.js:182:13)
      at IncomingMessage.<anonymous> (/usr/local/lib/node_modules/yarn/lib/cli.js:133333:12)
      at Object.onceWrapper (events.js:273:13)
      at IncomingMessage.emit (events.js:187:15)
      at endReadableNT (_stream_readable.js:1081:12)
      at process._tickCallback (internal/process/next_tick.js:63:19)
